Modulo 'jsonschema' non disponibile: report schema non aggiornato.
[WARNING] Sinergia non reciproca: 'i18n:traits.filtro_metallofago.label' → 'i18n:traits.bozzolo_magnetico.label'.
[WARNING] Sinergia non reciproca: 'i18n:traits.cisti_di_ibernazione_minerale.label' → 'i18n:traits.fagocitosi_assorbente.label'.
[WARNING] Sinergia non reciproca: 'i18n:traits.spore_psichiche_silenziate.label' → 'i18n:traits.focus_frazionato.label'.
[WARNING] Sinergia non reciproca: 'i18n:traits.spore_psichiche_silenziate.label' → 'i18n:traits.empatia_coordinativa.label'.
[WARNING] Sinergia non reciproca: 'i18n:traits.spore_psichiche_silenziate.label' → 'i18n:traits.cervello_a_bassa_latenza.label'.
[WARNING] Sinergia non reciproca: 'i18n:traits.spore_psichiche_silenziate.label' → 'i18n:traits.tattiche_di_branco.label'.
[WARNING] Sinergia non reciproca: 'i18n:traits.spore_psichiche_silenziate.label' → 'i18n:traits.campo_di_interferenza_acustica.label'.
[WARNING] Sinergia non reciproca: 'i18n:traits.motore_biologico_silenzioso.label' → 'i18n:traits.artigli_ipo_termici.label'.
[WARNING] Sinergia non reciproca: 'i18n:traits.ghiandola_caustica.label' → 'i18n:traits.enzimi_chelanti.label'.
[WARNING] Sinergia non reciproca: 'i18n:traits.ghiandola_caustica.label' → 'i18n:traits.respiro_a_scoppio.label'.
[WARNING] Sinergia non reciproca: 'i18n:traits.ghiandola_caustica.label' → 'i18n:traits.campo_di_interferenza_acustica.label'.
[WARNING] Sinergia non reciproca: 'i18n:traits.ghiandola_caustica.label' → 'i18n:traits.sistemi_chimio_sonici.label'.
[WARNING] Sinergia non reciproca: 'i18n:traits.ermafroditismo_cronologico.label' → 'i18n:traits.estroflessione_gastrica_acida.label'.
[WARNING] Sinergia non reciproca: 'i18n:traits.nucleo_ovomotore_rotante.label' → 'i18n:traits.coda_balanciere.label'.
[WARNING] Sinergia non reciproca: 'i18n:traits.nucleo_ovomotore_rotante.label' → 'i18n:traits.locomozione_miriapode_ibrida.label'.
[WARNING] Sinergia non reciproca: 'i18n:traits.nucleo_ovomotore_rotante.label' → 'i18n:traits.flusso_ameboide_controllato.label'.
[WARNING] Sinergia non reciproca: 'i18n:traits.occhi_analizzatori_di_tensione.label' → 'i18n:traits.articolazioni_a_leva_idraulica.label'.
[WARNING] Sinergia non reciproca: 'i18n:traits.occhi_cristallo_modulare.label' → 'i18n:traits.occhi_cinetici.label'.
[WARNING] Sinergia non reciproca: 'i18n:traits.occhi_cristallo_modulare.label' → 'i18n:traits.visione_multi_spettrale_amplificata.label'.
[WARNING] Sinergia non reciproca: 'i18n:traits.occhi_cristallo_modulare.label' → 'i18n:traits.echi_risonanti.label'.
[WARNING] Sinergia non reciproca: 'i18n:traits.occhi_cristallo_modulare.label' → 'i18n:traits.coda_balanciere.label'.
[WARNING] Sinergia non reciproca: 'i18n:traits.occhi_cristallo_modulare.label' → 'i18n:traits.midollo_antivibrazione.label'.
[WARNING] Sinergia non reciproca: 'i18n:traits.sistemi_chimio_sonici.label' → 'i18n:traits.estroflessione_gastrica_acida.label'.
[WARNING] Sinergia non reciproca: 'i18n:traits.pathfinder.label' → 'i18n:traits.antenne_microonde_cavernose.label'.
[WARNING] Sinergia non reciproca: 'i18n:traits.pathfinder.label' → 'i18n:traits.biofilm_glow.label'.
[WARNING] Sinergia non reciproca: 'i18n:traits.pathfinder.label' → 'i18n:traits.camere_mirage.label'.
[WARNING] Sinergia non reciproca: 'i18n:traits.pathfinder.label' → 'i18n:traits.colonne_vibromagnetiche.label'.
[WARNING] Sinergia non reciproca: 'i18n:traits.pathfinder.label' → 'i18n:traits.membrane_captura_rugiada.label'.
[WARNING] Sinergia non reciproca: 'i18n:traits.pathfinder.label' → 'i18n:traits.ghiaccio_piezoelettrico.label'.
[WARNING] Sinergia non reciproca: 'i18n:traits.random.label' → 'i18n:traits.pianificatore.label'.
[WARNING] Sinergia non reciproca: 'i18n:traits.random.label' → 'i18n:traits.focus_frazionato.label'.
[WARNING] Sinergia non reciproca: 'i18n:traits.random.label' → 'i18n:traits.tattiche_di_branco.label'.
[WARNING] Sinergia non reciproca: 'i18n:traits.random.label' → 'i18n:traits.camere_mirage.label'.
[WARNING] Sinergia non reciproca: 'i18n:traits.random.label' → 'i18n:traits.biofilm_glow.label'.
[WARNING] Sinergia non reciproca: 'i18n:traits.random.label' → 'i18n:traits.colonne_vibromagnetiche.label'.
[WARNING] Sinergia non reciproca: 'i18n:traits.secrezione_rallentante_palmi.label' → 'i18n:traits.ciste_riduttive.label'.
[WARNING] Sinergia non reciproca: 'i18n:traits.secrezione_rallentante_palmi.label' → 'i18n:traits.biofilm_glow.label'.
[WARNING] Sinergia non reciproca: 'i18n:traits.secrezione_rallentante_palmi.label' → 'i18n:traits.membrana_plastica_continua.label'.
[WARNING] Sinergia non reciproca: 'i18n:traits.secrezione_rallentante_palmi.label' → 'i18n:traits.lamelle_shear.label'.
[WARNING] Modulo 'jsonschema' non disponibile: validazione schemi saltata. Installare 'jsonschema' per eseguire la verifica.
Report scritto in /workspace/Game/logs/trait_audit.md
