Could not find platform independent libraries <prefix>
[1/10] V rounds=25 boss_hp=0 pa=6
[2/10] V rounds=22 boss_hp=0 pa=7
[3/10] T rounds=41 boss_hp=8 pa=4
[4/10] T rounds=41 boss_hp=9 pa=4
[5/10] V rounds=18 boss_hp=0 pa=7
[6/10] T rounds=41 boss_hp=5 pa=5
[7/10] T rounds=41 boss_hp=7 pa=6
[8/10] V rounds=26 boss_hp=0 pa=5
[9/10] T rounds=41 boss_hp=3 pa=6
[10/10] V rounds=29 boss_hp=0 pa=6

Wrote reports/calibration/m6_iter4.json

=== AGGREGATE ===
{
  "N": 10,
  "win_rate": 0.5,
  "win_count": 5,
  "loss_count": 0,
  "timeout_count": 5,
  "turns_avg": 32.5,
  "turns_median": 35.0,
  "turns_stdev": 8.902246907382429,
  "turns_min": 18,
  "turns_max": 41,
  "turns_hist": {
    "1-5": 0,
    "6-10": 0,
    "11-15": 0,
    "16-20": 1,
    "21-30": 4,
    "31-40": 0
  },
  "kd_avg": 2.9166666666666665,
  "kd_median": 2.5,
  "dmg_dealt_avg": 66.8,
  "dmg_taken_avg": 27,
  "boss_hp_remaining_avg_on_loss": null,
  "players_alive_avg_on_win": 6.2,
  "ai_intent_distribution": {
    "Critical|move": 63,
    "Critical|unknown": 21,
    "Apex|unknown": 31,
    "Apex|attack": 146,
    "Apex|move": 93,
    "Critical|attack": 26,
    "High|attack": 2,
    "High|move": 15
  },
  "elapsed_sec": 708.1,
  "failures": 0
}
