Could not find platform independent libraries <prefix>
[1/10] V rounds=19 boss_hp=0 pa=8
[2/10] T rounds=41 boss_hp=3 pa=6
[3/10] V rounds=18 boss_hp=0 pa=7
[4/10] V rounds=23 boss_hp=0 pa=6
[5/10] V rounds=19 boss_hp=0 pa=8
[6/10] V rounds=39 boss_hp=0 pa=6
[7/10] V rounds=29 boss_hp=0 pa=5
[8/10] T rounds=41 boss_hp=8 pa=6
[9/10] V rounds=33 boss_hp=0 pa=4
[10/10] T rounds=41 boss_hp=9 pa=5

Wrote reports/calibration/m7_iter5.json

=== AGGREGATE ===
{
  "N": 10,
  "win_rate": 0.7,
  "win_count": 7,
  "loss_count": 0,
  "timeout_count": 3,
  "turns_avg": 30.3,
  "turns_median": 31.0,
  "turns_stdev": 9.423905772024677,
  "turns_min": 18,
  "turns_max": 41,
  "turns_hist": {
    "1-5": 0,
    "6-10": 0,
    "11-15": 0,
    "16-20": 3,
    "21-30": 2,
    "31-40": 2
  },
  "kd_avg": 3.4166666666666665,
  "kd_median": 2.75,
  "dmg_dealt_avg": 68,
  "dmg_taken_avg": 22.5,
  "boss_hp_remaining_avg_on_loss": null,
  "players_alive_avg_on_win": 6.285714285714286,
  "ai_intent_distribution": {
    "Critical|move": 60,
    "Critical|unknown": 20,
    "Apex|unknown": 30,
    "Apex|attack": 144,
    "Apex|move": 99,
    "Critical|attack": 8
  },
  "elapsed_sec": 664.6,
  "failures": 0
}
