/workspace/Game/data/core/biomes.yaml: chiavi mancanti ['vc_adapt']
/workspace/Game/data/core/biomes.yaml: biome 'vc_adapt' non è una mappa
/workspace/Game/data/core/biomes.yaml: biome 'aggro_high' manca 'diff_base'
/workspace/Game/data/core/biomes.yaml: biome 'aggro_high' manca 'mod_biome'
/workspace/Game/data/core/biomes.yaml: biome 'aggro_high' manca 'affixes'
/workspace/Game/data/core/biomes.yaml: biome 'aggro_high' -> 'hazard' deve essere una mappa
/workspace/Game/data/core/biomes.yaml: biome 'aggro_high' -> 'npc_archetypes' deve essere una mappa
/workspace/Game/data/core/biomes.yaml: biome 'aggro_high' -> 'stresswave' deve essere una mappa
/workspace/Game/data/core/biomes.yaml: biome 'aggro_high' -> 'narrative' deve essere una mappa
/workspace/Game/data/core/biomes.yaml: biome 'cohesion_high' manca 'diff_base'
/workspace/Game/data/core/biomes.yaml: biome 'cohesion_high' manca 'mod_biome'
/workspace/Game/data/core/biomes.yaml: biome 'cohesion_high' manca 'affixes'
/workspace/Game/data/core/biomes.yaml: biome 'cohesion_high' -> 'hazard' deve essere una mappa
/workspace/Game/data/core/biomes.yaml: biome 'cohesion_high' -> 'npc_archetypes' deve essere una mappa
/workspace/Game/data/core/biomes.yaml: biome 'cohesion_high' -> 'stresswave' deve essere una mappa
/workspace/Game/data/core/biomes.yaml: biome 'cohesion_high' -> 'narrative' deve essere una mappa
/workspace/Game/data/core/biomes.yaml: biome 'setup_high' manca 'diff_base'
/workspace/Game/data/core/biomes.yaml: biome 'setup_high' manca 'mod_biome'
/workspace/Game/data/core/biomes.yaml: biome 'setup_high' manca 'affixes'
/workspace/Game/data/core/biomes.yaml: biome 'setup_high' -> 'hazard' deve essere una mappa
/workspace/Game/data/core/biomes.yaml: biome 'setup_high' -> 'npc_archetypes' deve essere una mappa
/workspace/Game/data/core/biomes.yaml: biome 'setup_high' -> 'stresswave' deve essere una mappa
/workspace/Game/data/core/biomes.yaml: biome 'setup_high' -> 'narrative' deve essere una mappa
/workspace/Game/data/core/biomes.yaml: biome 'explore_high' manca 'diff_base'
/workspace/Game/data/core/biomes.yaml: biome 'explore_high' manca 'mod_biome'
/workspace/Game/data/core/biomes.yaml: biome 'explore_high' manca 'affixes'
/workspace/Game/data/core/biomes.yaml: biome 'explore_high' -> 'hazard' deve essere una mappa
/workspace/Game/data/core/biomes.yaml: biome 'explore_high' -> 'npc_archetypes' deve essere una mappa
/workspace/Game/data/core/biomes.yaml: biome 'explore_high' -> 'stresswave' deve essere una mappa
/workspace/Game/data/core/biomes.yaml: biome 'explore_high' -> 'narrative' deve essere una mappa
/workspace/Game/data/core/biomes.yaml: biome 'risk_high' manca 'diff_base'
/workspace/Game/data/core/biomes.yaml: biome 'risk_high' manca 'mod_biome'
/workspace/Game/data/core/biomes.yaml: biome 'risk_high' manca 'affixes'
/workspace/Game/data/core/biomes.yaml: biome 'risk_high' -> 'hazard' deve essere una mappa
/workspace/Game/data/core/biomes.yaml: biome 'risk_high' -> 'npc_archetypes' deve essere una mappa
/workspace/Game/data/core/biomes.yaml: biome 'risk_high' -> 'stresswave' deve essere una mappa
/workspace/Game/data/core/biomes.yaml: biome 'risk_high' -> 'narrative' deve essere una mappa
