[BLOCCANTE] Tratto 'Coralli Sinaptici Fotofase' dichiara sinergia 'glare_control' non definita.
[BLOCCANTE] Tratto 'Coralli Sinaptici Fotofase' dichiara sinergia 'buff_luminescente' non definita.
[BLOCCANTE] Tratto 'Nodi Sinaptici Superficiali' dichiara sinergia 'buff_coordinamento' non definita.
[BLOCCANTE] Tratto 'Impulsi Bioluminescenti' dichiara sinergia 'dazzle_chain' non definita.
[BLOCCANTE] Tratto 'Sensori Planctonici' dichiara sinergia 'scan_memetico' non definita.
[BLOCCANTE] Tratto 'Nebbia Mnesica' dichiara sinergia 'confusione_psionica' non definita.
[BLOCCANTE] Tratto 'Lobi Risonanti Crepuscolo' dichiara sinergia 'resonant_chain' non definita.
[BLOCCANTE] Tratto 'Placca di Diffusione Foschia' dichiara sinergia 'copertura_psionica' non definita.
[BLOCCANTE] Tratto 'Spicole Canalizzatrici' dichiara sinergia 'reindirizzamento_buff' non definita.
[BLOCCANTE] Tratto 'Organi Metacronici' dichiara sinergia 'furto_buff_chain' non definita.
[BLOCCANTE] Tratto 'Ghiandole Mnemoniche' dichiara sinergia 'buff_replay' non definita.
[BLOCCANTE] Tratto 'Camere di Risonanza Abyssal' dichiara sinergia 'waveguide_profondo' non definita.
[BLOCCANTE] Tratto 'Corazze Ferro-Magnetico' dichiara sinergia 'riduzione_shear' non definita.
[BLOCCANTE] Tratto 'Bioantenne Gravitiche' dichiara sinergia 'lettura_shear' non definita.
[BLOCCANTE] Tratto 'Emettitori Voidsong' dichiara sinergia 'stabilizzazione_shear' non definita.
[BLOCCANTE] Tratto 'Emolinfa Conducente' dichiara sinergia 'drain_energetico' non definita.
[BLOCCANTE] Tratto 'Placche Pressioniche' dichiara sinergia 'riduzione_pressione' non definita.
[BLOCCANTE] Tratto 'Filamenti Echo' dichiara sinergia 'relay_team' non definita.
[BLOCCANTE] Tratto 'Scintilla Sinaptica' dichiara sinergia 'reazioni_rapide' non definita.
[BLOCCANTE] Tratto 'Riverbero Memetico' dichiara sinergia 'duplica_buff' non definita.
[BLOCCANTE] Tratto 'Pelle Piezo-Satura' dichiara sinergia 'riflesso_elettrico' non definita.
[BLOCCANTE] Tratto 'Canto Risonante' dichiara sinergia 'stabilizzazione_team' non definita.
[BLOCCANTE] Tratto 'Vortice Nera Flash' dichiara sinergia 'teletrasporto_breve' non definita.
Report mancante (/workspace/Game/logs/trait_audit.md). Eseguire lo script senza --check per generarlo.
